c:\users\dyn\desktop\aci_mp\temp\x64\debug\vc140.pdb
c:\users\dyn\desktop\aci_mp\temp\x64\debug\vc140.idb
c:\users\dyn\desktop\aci_mp\temp\x64\debug\sceneanalyser.obj
c:\users\dyn\desktop\aci_mp\temp\x64\debug\scenemanager.obj
c:\users\dyn\desktop\aci_mp\temp\x64\debug\scenemodel.obj
c:\users\dyn\desktop\aci_mp\temp\x64\debug\sceneobject.obj
c:\users\dyn\desktop\aci_mp\temp\x64\debug\shader.obj
c:\users\dyn\desktop\aci_mp\temp\x64\debug\shadermanager.obj
c:\users\dyn\desktop\aci_mp\temp\x64\debug\shaderprogram.obj
c:\users\dyn\desktop\aci_mp\temp\x64\debug\sound2dcomponent.obj
c:\users\dyn\desktop\aci_mp\temp\x64\debug\sound3dcomponent.obj
c:\users\dyn\desktop\aci_mp\temp\x64\debug\soundmanager.obj
c:\users\dyn\desktop\aci_mp\temp\x64\debug\splashscreen.obj
c:\users\dyn\desktop\aci_mp\temp\x64\debug\startscene.obj
c:\users\dyn\desktop\aci_mp\temp\x64\debug\stdafx.obj
c:\users\dyn\desktop\aci_mp\temp\x64\debug\textrender.obj
c:\users\dyn\desktop\aci_mp\temp\x64\debug\texture.obj
c:\users\dyn\desktop\aci_mp\temp\x64\debug\textureloader.obj
c:\users\dyn\desktop\aci_mp\temp\x64\debug\texturemanager.obj
c:\users\dyn\desktop\aci_mp\temp\x64\debug\tinyxml2.obj
c:\users\dyn\desktop\aci_mp\temp\x64\debug\transformable.obj
c:\users\dyn\desktop\aci_mp\temp\x64\debug\agentstates.obj
c:\users\dyn\desktop\aci_mp\temp\x64\debug\artifintelligence.obj
c:\users\dyn\desktop\aci_mp\temp\x64\debug\assetmanager.obj
c:\users\dyn\desktop\aci_mp\temp\x64\debug\bitmap.obj
c:\users\dyn\desktop\aci_mp\temp\x64\debug\button.obj
c:\users\dyn\desktop\aci_mp\temp\x64\debug\camera.obj
c:\users\dyn\desktop\aci_mp\temp\x64\debug\channel.obj
c:\users\dyn\desktop\aci_mp\temp\x64\debug\commandinterpreter.obj
c:\users\dyn\desktop\aci_mp\temp\x64\debug\cubemap.obj
c:\users\dyn\desktop\aci_mp\temp\x64\debug\fmodsettings.obj
c:\users\dyn\desktop\aci_mp\temp\x64\debug\gl_core_4_3.obj
c:\users\dyn\desktop\aci_mp\temp\x64\debug\guimanager.obj
c:\users\dyn\desktop\aci_mp\temp\x64\debug\imagecomponent.obj
c:\users\dyn\desktop\aci_mp\temp\x64\debug\material.obj
c:\users\dyn\desktop\aci_mp\temp\x64\debug\mesh.obj
c:\users\dyn\desktop\aci_mp\temp\x64\debug\model.obj
c:\users\dyn\desktop\aci_mp\temp\x64\debug\modelmanager.obj
c:\users\dyn\desktop\aci_mp\temp\x64\debug\objectfactory.obj
c:\users\dyn\desktop\aci_mp\temp\x64\debug\pythonembedder.obj
c:\users\dyn\desktop\aci_mp\temp\x64\debug\mainscene.obj
c:\users\dyn\desktop\aci_mp\temp\x64\debug\main.obj
c:\users\dyn\desktop\aci_mp\bin\x64\debug\engine.lib
c:\users\dyn\desktop\aci_mp\bin\x64\debug\engine.exp
c:\users\dyn\desktop\aci_mp\bin\x64\debug\engine.ilk
c:\users\dyn\desktop\aci_mp\bin\x64\debug\engine.dll
c:\users\dyn\desktop\aci_mp\bin\x64\debug\engine.pdb
c:\users\dyn\desktop\aci_mp\temp\x64\debug\engine.tlog\cl.command.1.tlog
c:\users\dyn\desktop\aci_mp\temp\x64\debug\engine.tlog\cl.read.1.tlog
c:\users\dyn\desktop\aci_mp\temp\x64\debug\engine.tlog\cl.write.1.tlog
c:\users\dyn\desktop\aci_mp\temp\x64\debug\engine.tlog\engine.write.1u.tlog
c:\users\dyn\desktop\aci_mp\temp\x64\debug\engine.tlog\link.command.1.tlog
c:\users\dyn\desktop\aci_mp\temp\x64\debug\engine.tlog\link.read.1.tlog
c:\users\dyn\desktop\aci_mp\temp\x64\debug\engine.tlog\link.write.1.tlog
